# JRE version: Java(TM) SE Runtime Environment (18.0.2+9) (build 18.0.2+9-61)
# Java VM: Java HotSpot(TM) 64-Bit Server VM (18.0.2+9-61, mixed mode, sharing, tiered, compressed oops, compressed class ptrs, g1 gc, windows-amd64)
GC Precious Log:
 CardTable entry size: 512
 Card Set container configuration: InlinePtr #cards 5 size 8 Array Of Cards #cards 12 size 40 Howl #buckets 4 coarsen threshold 1843 Howl Bitmap #cards 512 size 80 coarsen threshold 460 Card regions per heap region 1 cards per card region 2048
 CPUs: 4 total, 4 available
 Memory: 7098M
 Large Page Support: Disabled
 NUMA Support: Disabled
 Compressed Oops: Enabled (32-bit)
 Heap Region Size: 1M
 Heap Min Capacity: 8M
 Heap Initial Capacity: 112M
 Heap Max Capacity: 1776M
 Pre-touch: Disabled
 Parallel Workers: 4
 Concurrent Workers: 1
 Concurrent Refinement Workers: 4
 Periodic GC: Disabled
Heap:
 garbage-first heap   total 51200K, used 31706K [0x0000000091000000, 0x0000000100000000)
  region size 1024K, 12 young (12288K), 3 survivors (3072K)
 Metaspace       used 56917K, committed 57536K, reserved 1114112K
  class space    used 7474K, committed 7808K, reserved 1048576K
GC Heap History (20 events):
Event: 9.604 GC heap before
{Heap before GC invocations=6 (full 0):
 garbage-first heap   total 51200K, used 43715K [0x0000000091000000, 0x0000000100000000)
  region size 1024K, 30 young (30720K), 1 survivors (1024K)
 Metaspace       used 25578K, committed 26048K, reserved 1114112K
  class space    used 3196K, committed 3392K, reserved 1048576K
}
Event: 9.614 GC heap after
{Heap after GC invocations=7 (full 0):
 garbage-first heap   total 51200K, used 16225K [0x0000000091000000, 0x0000000100000000)
  region size 1024K, 4 young (4096K), 4 survivors (4096K)
 Metaspace       used 25578K, committed 26048K, reserved 1114112K
  class space    used 3196K, committed 3392K, reserved 1048576K
}
Event: 9.673 GC heap before
{Heap before GC invocations=7 (full 0):
 garbage-first heap   total 51200K, used 17249K [0x0000000091000000, 0x0000000100000000)
  region size 1024K, 5 young (5120K), 4 survivors (4096K)
 Metaspace       used 25724K, committed 26240K, reserved 1114112K
  class space    used 3219K, committed 3456K, reserved 1048576K
}
Event: 9.682 GC heap after
{Heap after GC invocations=8 (full 0):
 garbage-first heap   total 51200K, used 16729K [0x0000000091000000, 0x0000000100000000)
  region size 1024K, 1 young (1024K), 1 survivors (1024K)
 Metaspace       used 25724K, committed 26240K, reserved 1114112K
  class space    used 3219K, committed 3456K, reserved 1048576K
}
Event: 10.996 GC heap before
{Heap before GC invocations=8 (full 0):
 garbage-first heap   total 51200K, used 36185K [0x0000000091000000, 0x0000000100000000)
  region size 1024K, 21 young (21504K), 1 survivors (1024K)
 Metaspace       used 29274K, committed 29760K, reserved 1114112K
  class space    used 3607K, committed 3840K, reserved 1048576K
}
Event: 11.004 GC heap after
{Heap after GC invocations=9 (full 0):
 garbage-first heap   total 51200K, used 18536K [0x0000000091000000, 0x0000000100000000)
  region size 1024K, 3 young (3072K), 3 survivors (3072K)
 Metaspace       used 29274K, committed 29760K, reserved 1114112K
  class space    used 3607K, committed 3840K, reserved 1048576K
}
Event: 12.206 GC heap before
{Heap before GC invocations=9 (full 0):
 garbage-first heap   total 51200K, used 35944K [0x0000000091000000, 0x0000000100000000)
  region size 1024K, 21 young (21504K), 3 survivors (3072K)
 Metaspace       used 34261K, committed 34752K, reserved 1114112K
  class space    used 4174K, committed 4416K, reserved 1048576K
}
Event: 12.217 GC heap after
{Heap after GC invocations=10 (full 0):
 garbage-first heap   total 51200K, used 20015K [0x0000000091000000, 0x0000000100000000)
  region size 1024K, 2 young (2048K), 2 survivors (2048K)
 Metaspace       used 34261K, committed 34752K, reserved 1114112K
  class space    used 4174K, committed 4416K, reserved 1048576K
}
Event: 12.679 GC heap before
{Heap before GC invocations=10 (full 0):
 garbage-first heap   total 51200K, used 25135K [0x0000000091000000, 0x0000000100000000)
  region size 1024K, 8 young (8192K), 2 survivors (2048K)
 Metaspace       used 35661K, committed 36096K, reserved 1114112K
  class space    used 4340K, committed 4544K, reserved 1048576K
}
Event: 12.685 GC heap after
{Heap after GC invocations=11 (full 0):
 garbage-first heap   total 51200K, used 20219K [0x0000000091000000, 0x0000000100000000)
  region size 1024K, 2 young (2048K), 2 survivors (2048K)
 Metaspace       used 35661K, committed 36096K, reserved 1114112K
  class space    used 4340K, committed 4544K, reserved 1048576K
}
Event: 14.226 GC heap before
{Heap before GC invocations=12 (full 0):
 garbage-first heap   total 51200K, used 39675K [0x0000000091000000, 0x0000000100000000)
  region size 1024K, 21 young (21504K), 2 survivors (2048K)
 Metaspace       used 40138K, committed 40640K, reserved 1114112K
  class space    used 5062K, committed 5312K, reserved 1048576K
}
Event: 14.234 GC heap after
{Heap after GC invocations=13 (full 0):
 garbage-first heap   total 51200K, used 21188K [0x0000000091000000, 0x0000000100000000)
  region size 1024K, 2 young (2048K), 2 survivors (2048K)
 Metaspace       used 40138K, committed 40640K, reserved 1114112K
  class space    used 5062K, committed 5312K, reserved 1048576K
}
Event: 15.254 GC heap before
{Heap before GC invocations=13 (full 0):
 garbage-first heap   total 51200K, used 39620K [0x0000000091000000, 0x0000000100000000)
  region size 1024K, 20 young (20480K), 2 survivors (2048K)
 Metaspace       used 43957K, committed 44480K, reserved 1114112K
  class space    used 5587K, committed 5824K, reserved 1048576K
}
Event: 15.261 GC heap after
{Heap after GC invocations=14 (full 0):
 garbage-first heap   total 51200K, used 22280K [0x0000000091000000, 0x0000000100000000)
  region size 1024K, 3 young (3072K), 3 survivors (3072K)
 Metaspace       used 43957K, committed 44480K, reserved 1114112K
  class space    used 5587K, committed 5824K, reserved 1048576K
}
Event: 16.225 GC heap before
{Heap before GC invocations=14 (full 0):
 garbage-first heap   total 51200K, used 38664K [0x0000000091000000, 0x0000000100000000)
  region size 1024K, 20 young (20480K), 3 survivors (3072K)
 Metaspace       used 49476K, committed 50048K, reserved 1114112K
  class space    used 6454K, committed 6720K, reserved 1048576K
}
Event: 16.234 GC heap after
{Heap after GC invocations=15 (full 0):
 garbage-first heap   total 51200K, used 23118K [0x0000000091000000, 0x0000000100000000)
  region size 1024K, 2 young (2048K), 2 survivors (2048K)
 Metaspace       used 49476K, committed 50048K, reserved 1114112K
  class space    used 6454K, committed 6720K, reserved 1048576K
}
Event: 17.168 GC heap before
{Heap before GC invocations=15 (full 0):
 garbage-first heap   total 51200K, used 41550K [0x0000000091000000, 0x0000000100000000)
  region size 1024K, 20 young (20480K), 2 survivors (2048K)
 Metaspace       used 51671K, committed 52288K, reserved 1114112K
  class space    used 6788K, committed 7104K, reserved 1048576K
}
Event: 17.175 GC heap after
{Heap after GC invocations=16 (full 0):
 garbage-first heap   total 51200K, used 23672K [0x0000000091000000, 0x0000000100000000)
  region size 1024K, 2 young (2048K), 2 survivors (2048K)
 Metaspace       used 51671K, committed 52288K, reserved 1114112K
  class space    used 6788K, committed 7104K, reserved 1048576K
}
Event: 18.323 GC heap before
{Heap before GC invocations=16 (full 0):
 garbage-first heap   total 51200K, used 40056K [0x0000000091000000, 0x0000000100000000)
  region size 1024K, 19 young (19456K), 2 survivors (2048K)
 Metaspace       used 55443K, committed 56064K, reserved 1114112K
  class space    used 7337K, committed 7680K, reserved 1048576K
}
Event: 18.334 GC heap after
{Heap after GC invocations=17 (full 0):
 garbage-first heap   total 51200K, used 24538K [0x0000000091000000, 0x0000000100000000)
  region size 1024K, 3 young (3072K), 3 survivors (3072K)
 Metaspace       used 55443K, committed 56064K, reserved 1114112K
  class space    used 7337K, committed 7680K, reserved 1048576K
}

